2018-04-19T16:00:29,160 INFO  [main|MailReader] messages.length in main: 18
2018-04-19T16:03:39,717 INFO  [main|MailReader] messages.length in main: 18
2018-04-19T16:07:42,040 INFO  [main|MailReader] messages.length in main: 18
2018-04-19T16:08:08,108 INFO  [main|MailReader] messages.length in main: 18
2018-04-19T16:08:08,217 INFO  [main|MailReader] file name: src/main/resources/files/1524168488217.txt
2018-04-19T16:08:08,222 INFO  [main|MailReader] YouTube <noreply@youtube.com> count: 1, cutoff: 3
2018-04-19T16:08:08,462 INFO  [main|MailReader] 1524168488217.txt doesn't contain an HTML multipart. Will disregard message.
2018-04-19T16:08:08,581 INFO  [main|MailReader] file name: src/main/resources/files/1524168488580.txt
2018-04-19T16:08:08,581 INFO  [main|MailReader] YouTube <noreply@youtube.com> count: 1, cutoff: 3
2018-04-19T16:08:08,582 INFO  [main|MailReader] ET obj after incrementing: EmailThreshold [address=YouTube <noreply@youtube.com>, firstTstamp=1513587319000, cutoffTstamp=1513587619000, count=2, cutoffCount=3]
2018-04-19T16:08:08,764 INFO  [main|MailReader] 1524168488580.txt doesn't contain an HTML multipart. Will disregard message.
2018-04-19T16:08:08,878 INFO  [main|MailReader] file name: src/main/resources/files/1524168488878.txt
2018-04-19T16:08:08,879 INFO  [main|MailReader] YouTube <noreply@youtube.com> count: 2, cutoff: 3
2018-04-19T16:08:08,880 INFO  [main|MailReader] ET obj after incrementing: EmailThreshold [address=YouTube <noreply@youtube.com>, firstTstamp=1513587319000, cutoffTstamp=1513587619000, count=3, cutoffCount=3]
2018-04-19T16:08:08,880 INFO  [main|MailReader] ignoring 1524168488878.txt
2018-04-19T16:08:09,008 INFO  [main|MailReader] file name: src/main/resources/files/1524168489008.txt
2018-04-19T16:08:09,009 INFO  [main|MailReader] YouTube <noreply@youtube.com> count: 3, cutoff: 3
2018-04-19T16:08:09,009 INFO  [main|MailReader] ET obj after incrementing: EmailThreshold [address=YouTube <noreply@youtube.com>, firstTstamp=1513587319000, cutoffTstamp=1513587619000, count=4, cutoffCount=3]
2018-04-19T16:08:09,009 INFO  [main|MailReader] ignoring 1524168489008.txt
2018-04-19T16:08:09,124 INFO  [main|MailReader] file name: src/main/resources/files/1524168489123.txt
2018-04-19T16:08:09,125 INFO  [main|MailReader] YouTube <noreply@youtube.com> count: 4, cutoff: 3
2018-04-19T16:08:09,125 INFO  [main|MailReader] ET obj after incrementing: EmailThreshold [address=YouTube <noreply@youtube.com>, firstTstamp=1513587319000, cutoffTstamp=1513587619000, count=5, cutoffCount=3]
2018-04-19T16:08:09,126 INFO  [main|MailReader] ignoring 1524168489123.txt
2018-04-19T16:08:09,231 INFO  [main|MailReader] file name: src/main/resources/files/1524168489231.txt
2018-04-19T16:08:09,232 INFO  [main|MailReader] YouTube <noreply@youtube.com> count: 5, cutoff: 3
2018-04-19T16:08:09,232 INFO  [main|MailReader] ET obj after incrementing: EmailThreshold [address=YouTube <noreply@youtube.com>, firstTstamp=1513587319000, cutoffTstamp=1513587619000, count=6, cutoffCount=3]
2018-04-19T16:08:09,233 INFO  [main|MailReader] ignoring 1524168489231.txt
2018-04-19T16:08:09,339 INFO  [main|MailReader] file name: src/main/resources/files/1524168489338.txt
2018-04-19T16:08:09,341 INFO  [main|MailReader] YouTube <noreply@youtube.com> count: 6, cutoff: 3
2018-04-19T16:08:09,341 INFO  [main|MailReader] ET obj after incrementing: EmailThreshold [address=YouTube <noreply@youtube.com>, firstTstamp=1513587319000, cutoffTstamp=1513587619000, count=7, cutoffCount=3]
2018-04-19T16:08:09,341 INFO  [main|MailReader] ignoring 1524168489338.txt
2018-04-19T16:08:09,448 INFO  [main|MailReader] file name: src/main/resources/files/1524168489448.txt
2018-04-19T16:08:09,449 INFO  [main|MailReader] YouTube <noreply@youtube.com> count: 7, cutoff: 3
2018-04-19T16:08:09,449 INFO  [main|MailReader] ET obj after incrementing: EmailThreshold [address=YouTube <noreply@youtube.com>, firstTstamp=1513587319000, cutoffTstamp=1513587619000, count=8, cutoffCount=3]
2018-04-19T16:08:09,449 INFO  [main|MailReader] ignoring 1524168489448.txt
2018-04-19T16:08:09,576 INFO  [main|MailReader] file name: src/main/resources/files/1524168489576.txt
2018-04-19T16:08:09,577 INFO  [main|MailReader] YouTube <noreply@youtube.com> count: 8, cutoff: 3
2018-04-19T16:08:09,577 INFO  [main|MailReader] ET obj after incrementing: EmailThreshold [address=YouTube <noreply@youtube.com>, firstTstamp=1513587319000, cutoffTstamp=1513587619000, count=9, cutoffCount=3]
2018-04-19T16:08:09,577 INFO  [main|MailReader] ignoring 1524168489576.txt
2018-04-19T16:08:09,682 INFO  [main|MailReader] file name: src/main/resources/files/1524168489682.txt
2018-04-19T16:08:09,683 INFO  [main|MailReader] YouTube <noreply@youtube.com> count: 9, cutoff: 3
2018-04-19T16:08:09,683 INFO  [main|MailReader] ET obj after incrementing: EmailThreshold [address=YouTube <noreply@youtube.com>, firstTstamp=1513587319000, cutoffTstamp=1513587619000, count=10, cutoffCount=3]
2018-04-19T16:08:09,683 INFO  [main|MailReader] ignoring 1524168489682.txt
2018-04-19T16:08:09,797 INFO  [main|MailReader] file name: src/main/resources/files/1524168489786.txt
2018-04-19T16:08:09,798 INFO  [main|MailReader] YouTube <noreply@youtube.com> count: 10, cutoff: 3
2018-04-19T16:08:09,798 INFO  [main|MailReader] ET obj after incrementing: EmailThreshold [address=YouTube <noreply@youtube.com>, firstTstamp=1513587319000, cutoffTstamp=1513587619000, count=11, cutoffCount=3]
2018-04-19T16:08:09,798 INFO  [main|MailReader] ignoring 1524168489786.txt
2018-04-19T16:08:09,906 INFO  [main|MailReader] file name: src/main/resources/files/1524168489906.txt
2018-04-19T16:08:09,907 INFO  [main|MailReader] YouTube <noreply@youtube.com> count: 11, cutoff: 3
2018-04-19T16:08:09,907 INFO  [main|MailReader] ET obj after incrementing: EmailThreshold [address=YouTube <noreply@youtube.com>, firstTstamp=1513587319000, cutoffTstamp=1513587619000, count=12, cutoffCount=3]
2018-04-19T16:08:09,907 INFO  [main|MailReader] ignoring 1524168489906.txt
2018-04-19T16:08:10,014 INFO  [main|MailReader] file name: src/main/resources/files/1524168490014.txt
2018-04-19T16:08:10,015 INFO  [main|MailReader] YouTube <noreply@youtube.com> count: 12, cutoff: 3
2018-04-19T16:08:10,015 INFO  [main|MailReader] ET obj after incrementing: EmailThreshold [address=YouTube <noreply@youtube.com>, firstTstamp=1513587319000, cutoffTstamp=1513587619000, count=13, cutoffCount=3]
2018-04-19T16:08:10,015 INFO  [main|MailReader] ignoring 1524168490014.txt
2018-04-19T16:08:10,119 INFO  [main|MailReader] file name: src/main/resources/files/1524168490119.txt
2018-04-19T16:08:10,120 INFO  [main|MailReader] YouTube <noreply@youtube.com> count: 13, cutoff: 3
2018-04-19T16:08:10,120 INFO  [main|MailReader] ET obj after incrementing: EmailThreshold [address=YouTube <noreply@youtube.com>, firstTstamp=1513587319000, cutoffTstamp=1513587619000, count=14, cutoffCount=3]
2018-04-19T16:08:10,120 INFO  [main|MailReader] ignoring 1524168490119.txt
2018-04-19T16:08:10,229 INFO  [main|MailReader] file name: src/main/resources/files/1524168490228.txt
2018-04-19T16:08:10,231 INFO  [main|MailReader] YouTube <noreply@youtube.com> count: 14, cutoff: 3
2018-04-19T16:08:10,231 INFO  [main|MailReader] ET obj after incrementing: EmailThreshold [address=YouTube <noreply@youtube.com>, firstTstamp=1513587319000, cutoffTstamp=1513587619000, count=15, cutoffCount=3]
2018-04-19T16:08:10,231 INFO  [main|MailReader] ignoring 1524168490228.txt
2018-04-19T16:08:10,344 INFO  [main|MailReader] file name: src/main/resources/files/1524168490344.txt
2018-04-19T16:08:10,345 INFO  [main|MailReader] Jeff Erson <jeffsfakeemailbox@gmail.com> count: 1, cutoff: 3
2018-04-19T16:08:10,405 INFO  [main|MailReader] 1524168490344.txt doesn't contain an HTML multipart. Will disregard message.
2018-04-19T16:08:10,579 INFO  [main|MailReader] file name: src/main/resources/files/1524168490579.txt
2018-04-19T16:08:10,580 INFO  [main|MailReader] Jeff Erson <jeffsfakeemailbox@gmail.com> count: 1, cutoff: 3
2018-04-19T16:08:10,580 INFO  [main|MailReader] ET obj after incrementing: EmailThreshold [address=Jeff Erson <jeffsfakeemailbox@gmail.com>, firstTstamp=1523825012000, cutoffTstamp=1523825312000, count=2, cutoffCount=3]
2018-04-19T16:08:10,660 INFO  [main|MailReader] 1524168490579.txt doesn't contain an HTML multipart. Will disregard message.
2018-04-19T16:08:10,816 INFO  [main|MailReader] file name: src/main/resources/files/1524168490816.txt
2018-04-19T16:08:10,817 INFO  [main|MailReader] Jeff Erson <jeffsfakeemailbox@gmail.com> count: 2, cutoff: 3
2018-04-19T16:08:10,817 INFO  [main|MailReader] ET obj after incrementing: EmailThreshold [address=Jeff Erson <jeffsfakeemailbox@gmail.com>, firstTstamp=1523825012000, cutoffTstamp=1523825312000, count=3, cutoffCount=3]
2018-04-19T16:08:10,817 INFO  [main|MailReader] ignoring 1524168490816.txt
2018-04-19T16:14:42,520 INFO  [main|MailReader] messages.length in main: 0
2018-04-19T16:14:53,053 INFO  [main|MailReader] messages.length in main: 0
2018-04-19T16:19:40,343 INFO  [main|MailReader] messages.length in main: 1
2018-04-19T16:19:40,460 INFO  [main|MailReader] file name: src/main/resources/files/1524169180459.txt
2018-04-19T16:19:40,469 INFO  [main|MailReader] Jeff Erson <jeffsfakeemailbox@gmail.com> count: 1, cutoff: 3
2018-04-19T16:19:40,587 INFO  [main|MailReader] 1524169180459.txt doesn't contain an HTML multipart. Will disregard message.
2018-04-19T16:19:51,177 INFO  [main|MailReader] messages.length in main: 0
